Build started 8/28/2015 3:01:03 AM.
     1>Project "C:\UF\teaching\CAP5705\prep_assignments\proj1_mesh\src\mainsrc\proj1_mesh.vcxproj" on node 2 (Build target(s)).
     1>InitializeBuildStatus:
         Creating "Debug\proj1_mesh.unsuccessfulbuild" because "AlwaysCreate" was specified.
       ClCompile:
         C:\Program Files (x86)\Microsoft Visual Studio 11.0\VC\bin\CL.exe /c /IC:\UF\teaching\CAP5705\prep_assignments\proj1_mesh\src\include\GL /IC:\UF\teaching\CAP5705\prep_assignments\proj1_mesh\src\mainsrc\/../libst/include /IC:\UF\teaching\CAP5705\prep_assignments\proj1_mesh\src\mainsrc\/../libst/ext/glew/include /IC:\UF\teaching\CAP5705\prep_assignments\proj1_mesh\src\include /ZI /nologo /W3 /WX- /Od /Oy- /D WIN32 /D _DEBUG /D _CONSOLE /D _CRT_SECURE_NO_WARNINGS /D NOMINMAX /D _UNICODE /D UNICODE /Gm /EHsc /RTC1 /MDd /GS /Zc:wchar_t /Zc:forScope /Fo"Debug\\" /Fd"Debug\vc110.pdb" /Gd /TP /analyze- /errorReport:prompt main.cpp
         main.cpp
     1>c:\uf\teaching\cap5705\prep_assignments\proj1_mesh\src\mainsrc\main.cpp(40): warning C4305: 'initializing' : truncation from 'double' to 'float'
     1>c:\uf\teaching\cap5705\prep_assignments\proj1_mesh\src\mainsrc\main.cpp(298): warning C4244: 'argument' : conversion from 'int' to 'float', possible loss of data
     1>c:\uf\teaching\cap5705\prep_assignments\proj1_mesh\src\mainsrc\main.cpp(451): warning C4244: 'initializing' : conversion from 'int' to 'float', possible loss of data
     1>c:\uf\teaching\cap5705\prep_assignments\proj1_mesh\src\mainsrc\main.cpp(452): warning C4244: 'initializing' : conversion from 'int' to 'float', possible loss of data
     1>c:\uf\teaching\cap5705\prep_assignments\proj1_mesh\src\mainsrc\main.cpp(497): warning C4244: 'argument' : conversion from 'double' to 'float', possible loss of data
     1>c:\uf\teaching\cap5705\prep_assignments\proj1_mesh\src\mainsrc\main.cpp(571): warning C4244: 'initializing' : conversion from 'double' to 'float', possible loss of data
     1>c:\uf\teaching\cap5705\prep_assignments\proj1_mesh\src\mainsrc\main.cpp(634): warning C4129: '.' : unrecognized character escape sequence
     1>c:\uf\teaching\cap5705\prep_assignments\proj1_mesh\src\mainsrc\main.cpp(634): warning C4129: 'd' : unrecognized character escape sequence
     1>c:\uf\teaching\cap5705\prep_assignments\proj1_mesh\src\mainsrc\main.cpp(634): warning C4129: 'm' : unrecognized character escape sequence
       Link:
         C:\Program Files (x86)\Microsoft Visual Studio 11.0\VC\bin\link.exe /ERRORREPORT:PROMPT /OUT:"C:\UF\teaching\CAP5705\prep_assignments\proj1_mesh\src\mainsrc\Debug\proj1_mesh.exe" /INCREMENTAL:NO /NOLOGO /LIBPATH:../libst/lib/Debug/ /LIBPATH:../libst/ext/vc2008/lib/Debug/ /LIBPATH:C:\UF\teaching\CAP5705\prep_assignments\proj1_mesh\src\lib glut32.lib libpng.lib jpeg.lib zlib.lib freetype231.lib glew.lib kernel32.lib user32.lib gdi32.lib winspool.lib comdlg32.lib advapi32.lib shell32.lib ole32.lib oleaut32.lib uuid.lib odbc32.lib odbccp32.lib /MANIFEST /MANIFESTUAC:"level='asInvoker' uiAccess='false'" /manifest:embed /DEBUG /PDB:"C:\UF\teaching\CAP5705\prep_assignments\proj1_mesh\src\mainsrc\Debug\proj1_mesh.pdb" /SUBSYSTEM:CONSOLE /TLBID:1 /DYNAMICBASE /NXCOMPAT /IMPLIB:"C:\UF\teaching\CAP5705\prep_assignments\proj1_mesh\src\mainsrc\Debug\proj1_mesh.lib" /MACHINE:X86 /SAFESEH Debug\main.obj
         C:\UF\teaching\CAP5705\prep_assignments\proj1_mesh\src\libst\lib\Debug\libst.lib
     1>main.obj : warning LNK4075: ignoring '/EDITANDCONTINUE' due to '/OPT:LBR' specification
     1>LINK : warning LNK4098: defaultlib 'LIBCMT' conflicts with use of other libs; use /NODEFAULTLIB:library
     1>LINK : warning LNK4098: defaultlib 'LIBCMTD' conflicts with use of other libs; use /NODEFAULTLIB:library
     1>MSVCRTD.lib(cinitexe.obj) : warning LNK4098: defaultlib 'msvcrt.lib' conflicts with use of other libs; use /NODEFAULTLIB:library
     1>glew.lib(glew.obj) : warning LNK4099: PDB 'vc100.pdb' was not found with 'glew.lib(glew.obj)' or at 'C:\UF\teaching\CAP5705\prep_assignments\proj1_mesh\src\mainsrc\Debug\vc100.pdb'; linking object as if no debug info
         proj1_mesh.vcxproj -> C:\UF\teaching\CAP5705\prep_assignments\proj1_mesh\src\mainsrc\Debug\proj1_mesh.exe
       FinalizeBuildStatus:
         Deleting file "Debug\proj1_mesh.unsuccessfulbuild".
         Touching "Debug\proj1_mesh.lastbuildstate".
     1>Done Building Project "C:\UF\teaching\CAP5705\prep_assignments\proj1_mesh\src\mainsrc\proj1_mesh.vcxproj" (Build target(s)).

Build succeeded.

Time Elapsed 00:00:03.53
